#
# A fatal error has been detected by the Java Runtime Environment:
#
#  EXCEPTION_ACCESS_VIOLATION (0xc0000005) at pc=0x00007ff9c2bc94db, pid=13912, tid=5452
#
# JRE version: Java(TM) SE Runtime Environment (11.0.2+7) (build 11.0.2+7-LTS)
# Java VM: Java HotSpot(TM) 64-Bit Server VM (11.0.2+7-LTS, mixed mode, tiered, compressed oops, g1 gc, windows-amd64)
# Problematic frame:
# V  [jvm.dll+0x6b94db]
#
# No core dump will be written. Minidumps are not enabled by default on client versions of Windows
#
# If you would like to submit a bug report, please visit:
#   http://bugreport.java.com/bugreport/crash.jsp
#

---------------  S U M M A R Y ------------

Command Line: -agentlib:jdwp=transport=dt_socket,suspend=y,address=localhost:54522 -ea -javaagent:C:\Users\sanjay.nagare\eclipse\jee-2020-06\eclipse\configuration\org.eclipse.osgi\413\0\.cp\lib\javaagent-shaded.jar -Dfile.encoding=Cp1252 org.eclipse.jdt.internal.junit.runner.RemoteTestRunner -version 3 -port 54521 -testLoaderClass org.eclipse.jdt.internal.junit5.runner.JUnit5TestLoader -loaderpluginname org.eclipse.jdt.junit5.runtime -classNames com.synechron.order.test.OrderServiceImplTests

Host: Intel(R) Core(TM) i5-6200U CPU @ 2.30GHz, 4 cores, 7G,  Windows 10 , 64 bit Build 19041 (10.0.19041.1023)
Time: Sun Jul 18 16:55:02 2021 India Standard Time elapsed time: 8919 seconds (0d 2h 28m 39s)

---------------  T H R E A D  ---------------

Current thread (0x0000019f19c8e000):  GCTaskThread "GC Thread#2" [stack: 0x00000004f3400000,0x00000004f3500000] [id=5452]

Stack: [0x00000004f3400000,0x00000004f3500000],  sp=0x00000004f34fd4e0,  free space=1013k
Native frames: (J=compiled Java code, j=interpreted, Vv=VM code, C=native code)
V  [jvm.dll+0x6b94db]
V  [jvm.dll+0x342893]
V  [jvm.dll+0x34483f]
V  [jvm.dll+0x34509e]
V  [jvm.dll+0x34253c]
V  [jvm.dll+0x3417e2]
V  [jvm.dll+0x624a05]
V  [jvm.dll+0x6252f0]
V  [jvm.dll+0x5ea489]
V  [jvm.dll+0x2e2a95]
V  [jvm.dll+0x2e2519]
V  [jvm.dll+0x7367c7]
V  [jvm.dll+0x736c30]
V  [jvm.dll+0x329d95]
V  [jvm.dll+0x329898]
V  [jvm.dll+0x2f5a40]
V  [jvm.dll+0x7a52f0]
V  [jvm.dll+0x6347f2]
C  [ucrtbase.dll+0x21bb2]
C  [KERNEL32.DLL+0x17034]
C  [ntdll.dll+0x52651]

JavaThread 0x0000019f77bcf800 (nid = 14124) was being processed
Java frames: (J=compiled Java code, j=interpreted, Vv=VM code)
j  com.synechron.order.test.OrderServiceImplTests.shouldUpdateOrder()V+0
v  ~StubRoutines::call_stub
J 3242  jdk.internal.reflect.NativeMethodAccessorImpl.invoke0(Ljava/lang/reflect/Method;Ljava/lang/Object;[Ljava/lang/Object;)Ljava/lang/Object; java.base@11.0.2 (0 bytes) @ 0x0000019f0fd54d3f [0x0000019f0fd54cc0+0x000000000000007f]
J 2610 c1 jdk.internal.reflect.NativeMethodAccessorImpl.invoke(Ljava/lang/Object;[Ljava/lang/Object;)Ljava/lang/Object; java.base@11.0.2 (104 bytes) @ 0x0000019f08dc766c [0x0000019f08dc6a40+0x0000000000000c2c]
J 2555 c1 jdk.internal.reflect.DelegatingMethodAccessorImpl.invoke(Ljava/lang/Object;[Ljava/lang/Object;)Ljava/lang/Object; java.base@11.0.2 (10 bytes) @ 0x0000019f08da28fc [0x0000019f08da27e0+0x000000000000011c]
J 2639 c1 java.lang.reflect.Method.invoke(Ljava/lang/Object;[Ljava/lang/Object;)Ljava/lang/Object; java.base@11.0.2 (65 bytes) @ 0x0000019f08ddc86c [0x0000019f08ddc520+0x000000000000034c]
j  org.junit.platform.commons.util.ReflectionUtils.invokeMethod(Ljava/lang/reflect/Method;Ljava/lang/Object;[Ljava/lang/Object;)Ljava/lang/Object;+41
j  org.junit.jupiter.engine.execution.MethodInvocation.proceed()Ljava/lang/Object;+16
j  org.junit.jupiter.engine.execution.InvocationInterceptorChain$ValidatingInvocation.proceed()Ljava/lang/Object;+8
j  org.junit.jupiter.engine.extension.TimeoutExtension.intercept(Lorg/junit/jupiter/api/extension/InvocationInterceptor$Invocation;Lorg/junit/jupiter/api/extension/ReflectiveInvocationContext;Lorg/junit/jupiter/api/extension/ExtensionContext;Lorg/junit/jupiter/engine/extension/TimeoutDuration;Lorg/junit/jupiter/engine/extension/TimeoutExtension$TimeoutProvider;)Ljava/lang/Object;+28
j  org.junit.jupiter.engine.extension.TimeoutExtension.interceptTestableMethod(Lorg/junit/jupiter/api/extension/InvocationInterceptor$Invocation;Lorg/junit/jupiter/api/extension/ReflectiveInvocationContext;Lorg/junit/jupiter/api/extension/ExtensionContext;Lorg/junit/jupiter/engine/extension/TimeoutExtension$TimeoutProvider;)Ljava/lang/Object;+31
j  org.junit.jupiter.engine.extension.TimeoutExtension.interceptTestMethod(Lorg/junit/jupiter/api/extension/InvocationInterceptor$Invocation;Lorg/junit/jupiter/api/extension/ReflectiveInvocationContext;Lorg/junit/jupiter/api/extension/ExtensionContext;)V+9
j  org.junit.jupiter.engine.descriptor.TestMethodTestDescriptor$$Lambda$133.apply(Lorg/junit/jupiter/api/extension/InvocationInterceptor;Lorg/junit/jupiter/api/extension/InvocationInterceptor$Invocation;Lorg/junit/jupiter/api/extension/ReflectiveInvocationContext;Lorg/junit/jupiter/api/extension/ExtensionContext;)V+5
j  org.junit.jupiter.engine.execution.ExecutableInvoker$ReflectiveInterceptorCall.lambda$ofVoidMethod$0(Lorg/junit/jupiter/engine/execution/ExecutableInvoker$ReflectiveInterceptorCall$VoidMethodInterceptorCall;Lorg/junit/jupiter/api/extension/InvocationInterceptor;Lorg/junit/jupiter/api/extension/InvocationInterceptor$Invocation;Lorg/junit/jupiter/api/extension/ReflectiveInvocationContext;Lorg/junit/jupiter/api/extension/ExtensionContext;)Ljava/lang/Void;+6
j  org.junit.jupiter.engine.execution.ExecutableInvoker$ReflectiveInterceptorCall$$Lambda$134.apply(Lorg/junit/jupiter/api/extension/InvocationInterceptor;Lorg/junit/jupiter/api/extension/InvocationInterceptor$Invocation;Lorg/junit/jupiter/api/extension/ReflectiveInvocationContext;Lorg/junit/jupiter/api/extension/ExtensionContext;)Ljava/lang/Object;+9
j  org.junit.jupiter.engine.execution.ExecutableInvoker.lambda$invoke$0(Lorg/junit/jupiter/engine/execution/ExecutableInvoker$ReflectiveInterceptorCall;Lorg/junit/jupiter/api/extension/ReflectiveInvocationContext;Lorg/junit/jupiter/api/extension/ExtensionContext;Lorg/junit/jupiter/api/extension/InvocationInterceptor;Lorg/junit/jupiter/api/extension/InvocationInterceptor$Invocation;)Ljava/lang/Object;+6
j  org.junit.jupiter.engine.execution.ExecutableInvoker$$Lambda$368.apply(Lorg/junit/jupiter/api/extension/InvocationInterceptor;Lorg/junit/jupiter/api/extension/InvocationInterceptor$Invocation;)Ljava/lang/Object;+14
j  org.junit.jupiter.engine.execution.InvocationInterceptorChain$InterceptedInvocation.proceed()Ljava/lang/Object;+12
j  org.junit.jupiter.engine.execution.InvocationInterceptorChain.proceed(Lorg/junit/jupiter/api/extension/InvocationInterceptor$Invocation;)Ljava/lang/Object;+1
j  org.junit.jupiter.engine.execution.InvocationInterceptorChain.chainAndInvoke(Lorg/junit/jupiter/api/extension/InvocationInterceptor$Invocation;Lorg/junit/jupiter/engine/execution/InvocationInterceptorChain$InterceptorCall;Ljava/util/List;)Ljava/lang/Object;+24
j  org.junit.jupiter.engine.execution.InvocationInterceptorChain.invoke(Lorg/junit/jupiter/api/extension/InvocationInterceptor$Invocation;Lorg/junit/jupiter/engine/extension/ExtensionRegistry;Lorg/junit/jupiter/engine/execution/InvocationInterceptorChain$InterceptorCall;)Ljava/lang/Object;+31
j  org.junit.jupiter.engine.execution.ExecutableInvoker.invoke(Lorg/junit/jupiter/api/extension/InvocationInterceptor$Invocation;Lorg/junit/jupiter/api/extension/ReflectiveInvocationContext;Lorg/junit/jupiter/api/extension/ExtensionContext;Lorg/junit/jupiter/engine/extension/ExtensionRegistry;Lorg/junit/jupiter/engine/execution/ExecutableInvoker$ReflectiveInterceptorCall;)Ljava/lang/Object;+15
j  org.junit.jupiter.engine.execution.ExecutableInvoker.invoke(Ljava/lang/reflect/Method;Ljava/lang/Object;Lorg/junit/jupiter/api/extension/ExtensionContext;Lorg/junit/jupiter/engine/extension/ExtensionRegistry;Lorg/junit/jupiter/engine/execution/ExecutableInvoker$ReflectiveInterceptorCall;)Ljava/lang/Object;+56
j  org.junit.jupiter.engine.descriptor.TestMethodTestDescriptor.lambda$invokeTestMethod$6(Lorg/junit/jupiter/api/extension/ExtensionContext;Lorg/junit/jupiter/engine/execution/JupiterEngineExecutionContext;)V+28
j  org.junit.jupiter.engine.descriptor.TestMethodTestDescriptor$$Lambda$1125.execute()V+12
j  org.junit.platform.engine.support.hierarchical.ThrowableCollector.execute(Lorg/junit/platform/engine/support/hierarchical/ThrowableCollector$Executable;)V+1
j  org.junit.jupiter.engine.descriptor.TestMethodTestDescriptor.invokeTestMethod(Lorg/junit/jupiter/engine/execution/JupiterEngineExecutionContext;Lorg/junit/platform/engine/support/hierarchical/Node$DynamicTestExecutor;)V+21
j  org.junit.jupiter.engine.descriptor.TestMethodTestDescriptor.execute(Lorg/junit/jupiter/engine/execution/JupiterEngineExecutionContext;Lorg/junit/platform/engine/support/hierarchical/Node$DynamicTestExecutor;)Lorg/junit/jupiter/engine/execution/JupiterEngineExecutionContext;+44
j  org.junit.jupiter.engine.descriptor.TestMethodTestDescriptor.execute(Lorg/junit/platform/engine/support/hierarchical/EngineExecutionContext;Lorg/junit/platform/engine/support/hierarchical/Node$DynamicTestExecutor;)Lorg/junit/platform/engine/support/hierarchical/EngineExecutionContext;+6
j  org.junit.platform.engine.support.hierarchical.NodeTestTask.lambda$executeRecursively$5()V+79
j  org.junit.platform.engine.support.hierarchical.NodeTestTask$$Lambda$216.execute()V+4
j  org.junit.platform.engine.support.hierarchical.ThrowableCollector.execute(Lorg/junit/platform/engine/support/hierarchical/ThrowableCollector$Executable;)V+1
j  org.junit.platform.engine.support.hierarchical.NodeTestTask.lambda$executeRecursively$7(Lorg/junit/platform/engine/support/hierarchical/EngineExecutionContext;)V+15
j  org.junit.platform.engine.support.hierarchical.NodeTestTask$$Lambda$215.invoke(Lorg/junit/platform/engine/support/hierarchical/EngineExecutionContext;)V+5
j  org.junit.platform.engine.support.hierarchical.Node.around(Lorg/junit/platform/engine/support/hierarchical/EngineExecutionContext;Lorg/junit/platform/engine/support/hierarchical/Node$Invocation;)V+2
j  org.junit.platform.engine.support.hierarchical.NodeTestTask.lambda$executeRecursively$8()V+14
j  org.junit.platform.engine.support.hierarchical.NodeTestTask$$Lambda$214.execute()V+4
j  org.junit.platform.engine.support.hierarchical.ThrowableCollector.execute(Lorg/junit/platform/engine/support/hierarchical/ThrowableCollector$Executable;)V+1
j  org.junit.platform.engine.support.hierarchical.NodeTestTask.executeRecursively()V+31
j  org.junit.platform.engine.support.hierarchical.NodeTestTask.execute()V+55
j  org.junit.platform.engine.support.hierarchical.SameThreadHierarchicalTestExecutorService$$Lambda$220.accept(Ljava/lang/Object;)V+4
j  java.util.ArrayList.forEach(Ljava/util/function/Consumer;)V+46 java.base@11.0.2
j  org.junit.platform.engine.support.hierarchical.SameThreadHierarchicalTestExecutorService.invokeAll(Ljava/util/List;)V+6
j  org.junit.platform.engine.support.hierarchical.NodeTestTask.lambda$executeRecursively$5()V+116
j  org.junit.platform.engine.support.hierarchical.NodeTestTask$$Lambda$216.execute()V+4
j  org.junit.platform.engine.support.hierarchical.ThrowableCollector.execute(Lorg/junit/platform/engine/support/hierarchical/ThrowableCollector$Executable;)V+1
j  org.junit.platform.engine.support.hierarchical.NodeTestTask.lambda$executeRecursively$7(Lorg/junit/platform/engine/support/hierarchical/EngineExecutionContext;)V+15
j  org.junit.platform.engine.support.hierarchical.NodeTestTask$$Lambda$215.invoke(Lorg/junit/platform/engine/support/hierarchical/EngineExecutionContext;)V+5
j  org.junit.platform.engine.support.hierarchical.Node.around(Lorg/junit/platform/engine/support/hierarchical/EngineExecutionContext;Lorg/junit/platform/engine/support/hierarchical/Node$Invocation;)V+2
j  org.junit.platform.engine.support.hierarchical.NodeTestTask.lambda$executeRecursively$8()V+14
j  org.junit.platform.engine.support.hierarchical.NodeTestTask$$Lambda$214.execute()V+4
j  org.junit.platform.engine.support.hierarchical.ThrowableCollector.execute(Lorg/junit/platform/engine/support/hierarchical/ThrowableCollector$Executable;)V+1
j  org.junit.platform.engine.support.hierarchical.NodeTestTask.executeRecursively()V+31
j  org.junit.platform.engine.support.hierarchical.NodeTestTask.execute()V+55
j  org.junit.platform.engine.support.hierarchical.SameThreadHierarchicalTestExecutorService$$Lambda$220.accept(Ljava/lang/Object;)V+4
j  java.util.ArrayList.forEach(Ljava/util/function/Consumer;)V+46 java.base@11.0.2
j  org.junit.platform.engine.support.hierarchical.SameThreadHierarchicalTestExecutorService.invokeAll(Ljava/util/List;)V+6
j  org.junit.platform.engine.support.hierarchical.NodeTestTask.lambda$executeRecursively$5()V+116
j  org.junit.platform.engine.support.hierarchical.NodeTestTask$$Lambda$216.execute()V+4
j  org.junit.platform.engine.support.hierarchical.ThrowableCollector.execute(Lorg/junit/platform/engine/support/hierarchical/ThrowableCollector$Executable;)V+1
j  org.junit.platform.engine.support.hierarchical.NodeTestTask.lambda$executeRecursively$7(Lorg/junit/platform/engine/support/hierarchical/EngineExecutionContext;)V+15
j  org.junit.platform.engine.support.hierarchical.NodeTestTask$$Lambda$215.invoke(Lorg/junit/platform/engine/support/hierarchical/EngineExecutionContext;)V+5
j  org.junit.platform.engine.support.hierarchical.Node.around(Lorg/junit/platform/engine/support/hierarchical/EngineExecutionContext;Lorg/junit/platform/engine/support/hierarchical/Node$Invocation;)V+2
j  org.junit.platform.engine.support.hierarchical.NodeTestTask.lambda$executeRecursively$8()V+14
j  org.junit.platform.engine.support.hierarchical.NodeTestTask$$Lambda$214.execute()V+4
j  org.junit.platform.engine.support.hierarchical.ThrowableCollector.execute(Lorg/junit/platform/engine/support/hierarchical/ThrowableCollector$Executable;)V+1
j  org.junit.platform.engine.support.hierarchical.NodeTestTask.executeRecursively()V+31
j  org.junit.platform.engine.support.hierarchical.NodeTestTask.execute()V+55
j  org.junit.platform.engine.support.hierarchical.SameThreadHierarchicalTestExecutorService.submit(Lorg/junit/platform/engine/support/hierarchical/HierarchicalTestExecutorService$TestTask;)Ljava/util/concurrent/Future;+1
j  org.junit.platform.engine.support.hierarchical.HierarchicalTestExecutor.execute()Ljava/util/concurrent/Future;+74
j  org.junit.platform.engine.support.hierarchical.HierarchicalTestEngine.execute(Lorg/junit/platform/engine/ExecutionRequest;)V+31
j  org.junit.platform.launcher.core.DefaultLauncher.execute(Lorg/junit/platform/engine/TestDescriptor;Lorg/junit/platform/engine/EngineExecutionListener;Lorg/junit/platform/engine/ConfigurationParameters;Lorg/junit/platform/engine/TestEngine;)V+24
j  org.junit.platform.launcher.core.DefaultLauncher.lambda$execute$5(Lorg/junit/platform/launcher/core/InternalTestPlan;Lorg/junit/platform/launcher/core/Root;Lorg/junit/platform/engine/ConfigurationParameters;Lorg/junit/platform/launcher/TestExecutionListener;)V+105
j  org.junit.platform.launcher.core.DefaultLauncher$$Lambda$179.accept(Ljava/lang/Object;)V+20
j  org.junit.platform.launcher.core.DefaultLauncher.withInterceptedStreams(Lorg/junit/platform/engine/ConfigurationParameters;Lorg/junit/platform/launcher/core/TestExecutionListenerRegistry;Ljava/util/function/Consumer;)V+43
j  org.junit.platform.launcher.core.DefaultLauncher.execute(Lorg/junit/platform/launcher/core/InternalTestPlan;[Lorg/junit/platform/launcher/TestExecutionListener;)V+33
j  org.junit.platform.launcher.core.DefaultLauncher.execute(Lorg/junit/platform/launcher/TestPlan;[Lorg/junit/platform/launcher/TestExecutionListener;)V+36
j  org.eclipse.jdt.internal.junit5.runner.JUnit5TestReference.run(Lorg/eclipse/jdt/internal/junit/runner/TestExecution;)V+69
j  org.eclipse.jdt.internal.junit.runner.TestExecution.run([Lorg/eclipse/jdt/internal/junit/runner/ITestReference;)V+17
j  org.eclipse.jdt.internal.junit.runner.RemoteTestRunner.runTests([Ljava/lang/String;Ljava/lang/String;Lorg/eclipse/jdt/internal/junit/runner/TestExecution;)V+62
j  org.eclipse.jdt.internal.junit.runner.RemoteTestRunner.runTests(Lorg/eclipse/jdt/internal/junit/runner/TestExecution;)V+10
j  org.eclipse.jdt.internal.junit.runner.RemoteTestRunner.run()V+70
j  org.eclipse.jdt.internal.junit.runner.RemoteTestRunner.main([Ljava/lang/String;)V+14
v  ~StubRoutines::call_stub

siginfo: EXCEPTION_ACCESS_VIOLATION (0xc0000005), reading address 0x0000000000000006


Register to memory mapping:

RIP=0x00007ff9c2bc94db jvm.dll
RAX=0x00000004f34fd570 points into unknown readable memory: 34 00 00 46 00 00 00 00
RBX=0x00000004f34fd540 points into unknown readable memory: c8 3f d9 c2 f9 7f 00 00
RCX=0x0 is NULL
RDX=0x0 is NULL
RSP=0x00000004f34fd4e0 points into unknown readable memory: 40 d5 4f f3 04 00 00 00
RBP=0x00000004f34fda50 points into unknown readable memory: 68 02 34 19 9f 01 00 00
RSI=0x0 is NULL
RDI=0x0 is NULL
R8 =0x0 is NULL
R9 =0x0000019f7fea8f18 is pointing into metadata
R10=0x00007ff9c2510000 jvm.dll
R11=0x00000004f34fd9a0 points into unknown readable memory: 20 da 4f f3 04 00 00 00
R12=0x0000019f1933ff40 points into unknown readable memory: 00 1f 77 1a 00 00 00 00
R13=0x0 is NULL
R14=0x0000019f7fea983c is pointing into metadata
R15=0x0000000000000061 is an unknown value


Registers:
RAX=0x00000004f34fd570, RBX=0x00000004f34fd540, RCX=0x0000000000000000, RDX=0x0000000000000000
RSP=0x00000004f34fd4e0, RBP=0x00000004f34fda50, RSI=0x0000000000000000, RDI=0x0000000000000000
R8 =0x0000000000000000, R9 =0x0000019f7fea8f18, R10=0x00007ff9c2510000, R11=0x00000004f34fd9a0
R12=0x0000019f1933ff40, R13=0x0000000000000000, R14=0x0000019f7fea983c, R15=0x0000000000000061
RIP=0x00007ff9c2bc94db, EFLAGS=0x0000000000010246

Top of Stack: (sp=0x00000004f34fd4e0)
0x00000004f34fd4e0:   00000004f34fd540 0000000000000000
0x00000004f34fd4f0:   0000000000000000 0000000000000000
0x00000004f34fd500:   0000000000000001 00007ff9c2852893
0x00000004f34fd510:   0000000000000000 00000004f34fdbc0
0x00000004f34fd520:   0000000000000000 0000000000000000
0x00000004f34fd530:   0000000000000000 0000000000000000
0x00000004f34fd540:   00007ff9c2d93fc8 0000000000000000
0x00000004f34fd550:   0000000000000000 000000000000000c
0x00000004f34fd560:   00000004f34fd570 0000000000000000
0x00000004f34fd570:   0000000046000034 0000000000000000
0x00000004f34fd580:   4fffffff4fffffff 4fffffff4fffffff
0x00000004f34fd590:   2fffffff2fffffff 4fffffff4fffffff
0x00000004f34fd5a0:   2fffffff4fffffff 0000000000000000
0x00000004f34fd5b0:   0000000000000000 0000000000000000
0x00000004f34fd5c0:   0000000000000000 00007ff9c2bc9a5b
0x00000004f34fd5d0:   0000000000000000 0000000000000000 

Instructions: (pc=0x00007ff9c2bc94db)
0x00007ff9c2bc94bb:   cc cc cc cc cc 40 53 48 83 ec 20 c7 41 10 00 00
0x00007ff9c2bc94cb:   00 00 48 8b d9 48 89 7c 24 38 48 8b 79 08 33 c9
0x00007ff9c2bc94db:   80 7f 06 28 74 26 44 8d 49 28 8d 51 35 48 8d 0d
0x00007ff9c2bc94eb:   f1 8f 21 00 4c 8d 05 da 8f 21 00 e8 35 4c ba ff 


Stack slot to memory mapping:
stack at sp + 0 slots: 0x00000004f34fd540 points into unknown readable memory: c8 3f d9 c2 f9 7f 00 00
stack at sp + 1 slots: 0x0 is NULL
stack at sp + 2 slots: 0x0 is NULL
stack at sp + 3 slots: 0x0 is NULL
stack at sp + 4 slots: 0x0000000000000001 is an unknown value
stack at sp + 5 slots: 0x00007ff9c2852893 jvm.dll
stack at sp + 6 slots: 0x0 is NULL
stack at sp + 7 slots: 0x00000004f34fdbc0 points into unknown readable memory: 48 1b dd c2 f9 7f 00 00


---------------  P R O C E S S  ---------------

Threads class SMR info:
_java_thread_list=0x0000019f208c5ce0, length=17, elements={
0x0000019f77bcf800, 0x0000019f77e86800, 0x0000019f77e8f800, 0x0000019f7f5d7800,
0x0000019f7f5d8000, 0x0000019f7f5dc000, 0x0000019f7f5f8000, 0x0000019f7f58e000,
0x0000019f77e40800, 0x0000019f7f8da000, 0x0000019f7f8cc000, 0x0000019f7f8cc800,
0x0000019f194a2000, 0x0000019f19ca3800, 0x0000019f19832800, 0x0000019f19833800,
0x0000019f1982d800
}

Java Threads: ( => current thread )
  0x0000019f77bcf800 JavaThread "main" [_thread_blocked, id=14124, stack(0x00000004f1e00000,0x00000004f1f00000)]
  0x0000019f77e86800 JavaThread "Reference Handler" daemon [_thread_blocked, id=17244, stack(0x00000004f2500000,0x00000004f2600000)]
  0x0000019f77e8f800 JavaThread "Finalizer" daemon [_thread_blocked, id=18220, stack(0x00000004f2600000,0x00000004f2700000)]
  0x0000019f7f5d7800 JavaThread "Signal Dispatcher" daemon [_thread_blocked, id=14000, stack(0x00000004f2700000,0x00000004f2800000)]
  0x0000019f7f5d8000 JavaThread "Attach Listener" daemon [_thread_blocked, id=17520, stack(0x00000004f2800000,0x00000004f2900000)]
  0x0000019f7f5dc000 JavaThread "C2 CompilerThread0" daemon [_thread_blocked, id=19868, stack(0x00000004f2900000,0x00000004f2a00000)]
  0x0000019f7f5f8000 JavaThread "C1 CompilerThread0" daemon [_thread_blocked, id=17384, stack(0x00000004f2a00000,0x00000004f2b00000)]
  0x0000019f7f58e000 JavaThread "Sweeper thread" daemon [_thread_blocked, id=17392, stack(0x00000004f2b00000,0x00000004f2c00000)]
  0x0000019f77e40800 JavaThread "Common-Cleaner" daemon [_thread_blocked, id=19024, stack(0x00000004f2c00000,0x00000004f2d00000)]
  0x0000019f7f8da000 JavaThread "JDWP Transport Listener: dt_socket" daemon [_thread_blocked, id=13652, stack(0x00000004f2d00000,0x00000004f2e00000)]
  0x0000019f7f8cc000 JavaThread "JDWP Event Helper Thread" daemon [_thread_blocked, id=14608, stack(0x00000004f2e00000,0x00000004f2f00000)]
  0x0000019f7f8cc800 JavaThread "JDWP Command Reader" daemon [_thread_blocked, id=16188, stack(0x00000004f2f00000,0x00000004f3000000)]
  0x0000019f194a2000 JavaThread "Service Thread" daemon [_thread_blocked, id=17924, stack(0x00000004f3000000,0x00000004f3100000)]
  0x0000019f19ca3800 JavaThread "ReaderThread" [_thread_in_native, id=18264, stack(0x00000004f3500000,0x00000004f3600000)]
  0x0000019f19832800 JavaThread "HikariPool-1 housekeeper" daemon [_thread_blocked, id=15228, stack(0x00000004f3700000,0x00000004f3800000)]
  0x0000019f19833800 JavaThread "HikariPool-1 connection closer" daemon [_thread_blocked, id=8220, stack(0x00000004f1b00000,0x00000004f1c00000)]
  0x0000019f1982d800 JavaThread "HikariPool-1 connection adder" daemon [_thread_blocked, id=13164, stack(0x00000004f1c00000,0x00000004f1d00000)]

Other Threads:
  0x0000019f77e84800 VMThread "VM Thread" [stack: 0x00000004f2400000,0x00000004f2500000] [id=12292]
  0x0000019f198ab000 WatcherThread [stack: 0x00000004f3100000,0x00000004f3200000] [id=2908]
  0x0000019f77be5000 GCTaskThread "GC Thread#0" [stack: 0x00000004f1f00000,0x00000004f2000000] [id=12904]
  0x0000019f19cdd000 GCTaskThread "GC Thread#1" [stack: 0x00000004f3300000,0x00000004f3400000] [id=7668]
=>0x0000019f19c8e000 GCTaskThread "GC Thread#2" [stack: 0x00000004f3400000,0x00000004f3500000] [id=5452]
  0x0000019f19f65000 GCTaskThread "GC Thread#3" [stack: 0x00000004f3600000,0x00000004f3700000] [id=7624]
  0x0000019f77c19000 ConcurrentGCThread "G1 Main Marker" [stack: 0x00000004f2000000,0x00000004f2100000] [id=19468]
  0x0000019f77c1a000 ConcurrentGCThread "G1 Conc#0" [stack: 0x00000004f2100000,0x00000004f2200000] [id=5512]
  0x0000019f7795d800 ConcurrentGCThread "G1 Refine#0" [stack: 0x00000004f2200000,0x00000004f2300000] [id=17828]
  0x0000019f7795e800 ConcurrentGCThread "G1 Young RemSet Sampling" [stack: 0x00000004f2300000,0x00000004f2400000] [id=16368]

Threads with active compile tasks:

VM state:at safepoint (normal execution)

VM Mutex/Monitor currently owned by a thread:  ([mutex/lock_event])
[0x0000019f77bcb300] Threads_lock - owner thread: 0x0000019f77e84800
[0x0000019f77bca7c0] Heap_lock - owner thread: 0x0000019f19833800

Heap address: 0x0000000081a00000, size: 2022 MB, Compressed Oops mode: 32-bit
Narrow klass base: 0x0000000000000000, Narrow klass shift: 3
Compressed class space size: 1073741824 Address: 0x0000000100000000

Heap:
 garbage-first heap   total 157696K, used 120174K [0x0000000081a00000, 0x0000000100000000)
  region size 1024K, 90 young (92160K), 5 survivors (5120K)
 Metaspace       used 71815K, capacity 73622K, committed 73936K, reserved 1114112K
  class space    used 9271K, capacity 9985K, committed 10060K, reserved 1048576K
Heap Regions: E=young(eden), S=young(survivor), O=old, HS=humongous(starts), HC=humongous(continues), CS=collection set, F=free, A=archive, TAMS=top-at-mark-start (previous, next)
|   0|0x0000000081a00000, 0x0000000081b00000, 0x0000000081b00000|100%|HS|  |TAMS 0x0000000081b00000, 0x0000000081a00000| Complete 
|   1|0x0000000081b00000, 0x0000000081c00000, 0x0000000081c00000|100%| O|  |TAMS 0x0000000081c00000, 0x0000000081b00000| Untracked 
|   2|0x0000000081c00000, 0x0000000081d00000, 0x0000000081d00000|100%| O|  |TAMS 0x0000000081d00000, 0x0000000081c00000| Untracked 
|   3|0x0000000081d00000, 0x0000000081e00000, 0x0000000081e00000|100%| O|  |TAMS 0x0000000081e00000, 0x0000000081d00000| Untracked 
|   4|0x0000000081e00000, 0x0000000081f00000, 0x0000000081f00000|100%| O|  |TAMS 0x0000000081f00000, 0x0000000081e00000| Untracked 
|   5|0x0000000081f00000, 0x0000000082000000, 0x0000000082000000|100%| O|  |TAMS 0x0000000082000000, 0x0000000081f00000| Untracked 
|   6|0x0000000082000000, 0x0000000082100000, 0x0000000082100000|100%| O|  |TAMS 0x0000000082100000, 0x0000000082000000| Untracked 
|   7|0x0000000082100000, 0x0000000082200000, 0x0000000082200000|100%| O|  |TAMS 0x0000000082200000, 0x0000000082100000| Untracked 
|   8|0x0000000082200000, 0x0000000082300000, 0x0000000082300000|100%| O|  |TAMS 0x0000000082300000, 0x0000000082200000| Untracked 
|   9|0x0000000082300000, 0x0000000082400000, 0x0000000082400000|100%| O|  |TAMS 0x0000000082400000, 0x0000000082300000| Untracked 
|  10|0x0000000082400000, 0x0000000082500000, 0x0000000082500000|100%| O|  |TAMS 0x0000000082500000, 0x0000000082400000| Untracked 
|  11|0x0000000082500000, 0x0000000082600000, 0x0000000082600000|100%| O|  |TAMS 0x0000000082600000, 0x0000000082500000| Untracked 
|  12|0x0000000082600000, 0x0000000082700000, 0x0000000082700000|100%| O|  |TAMS 0x0000000082700000, 0x0000000082600000| Untracked 
|  13|0x0000000082700000, 0x0000000082800000, 0x0000000082800000|100%| O|  |TAMS 0x0000000082800000, 0x0000000082700000| Untracked 
|  14|0x0000000082800000, 0x0000000082900000, 0x0000000082900000|100%| O|  |TAMS 0x0000000082900000, 0x0000000082800000| Untracked 
|  15|0x0000000082900000, 0x0000000082a00000, 0x0000000082a00000|100%| O|  |TAMS 0x0000000082a00000, 0x0000000082900000| Untracked 
|  16|0x0000000082a00000, 0x0000000082b00000, 0x0000000082b00000|100%| O|  |TAMS 0x0000000082afc600, 0x0000000082a00000| Untracked 
|  17|0x0000000082b00000, 0x0000000082c00000, 0x0000000082c00000|100%| O|  |TAMS 0x0000000082b00000, 0x0000000082b00000| Untracked 
|  18|0x0000000082c00000, 0x0000000082d00000, 0x0000000082d00000|100%| O|  |TAMS 0x0000000082c00000, 0x0000000082c00000| Untracked 
|  19|0x0000000082d00000, 0x0000000082e00000, 0x0000000082e00000|100%| O|  |TAMS 0x0000000082d00000, 0x0000000082d00000| Untracked 
|  20|0x0000000082e00000, 0x0000000082f00000, 0x0000000082f00000|100%| O|  |TAMS 0x0000000082e00000, 0x0000000082e00000| Untracked 
|  21|0x0000000082f00000, 0x0000000083000000, 0x0000000083000000|100%| O|  |TAMS 0x0000000082f00000, 0x0000000082f00000| Untracked 
|  22|0x0000000083000000, 0x0000000083100000, 0x0000000083100000|100%| O|  |TAMS 0x0000000083000000, 0x0000000083000000| Untracked 
|  23|0x0000000083100000, 0x0000000083200000, 0x0000000083200000|100%| O|  |TAMS 0x0000000083100000, 0x0000000083100000| Untracked 
|  24|0x0000000083200000, 0x0000000083300000, 0x0000000083300000|100%| O|  |TAMS 0x0000000083200000, 0x0000000083200000| Untracked 
|  25|0x0000000083300000, 0x0000000083400000, 0x0000000083400000|100%| O|  |TAMS 0x0000000083300000, 0x0000000083300000| Untracked 
|  26|0x0000000083400000, 0x0000000083500000, 0x0000000083500000|100%| O|  |TAMS 0x0000000083400000, 0x0000000083400000| Untracked 
|  27|0x0000000083500000, 0x00000000835c4e40, 0x0000000083600000| 76%| O|  |TAMS 0x0000000083500000, 0x0000000083500000| Untracked 
|  28|0x0000000083600000, 0x0000000083600000, 0x0000000083700000|  0%| F|  |TAMS 0x0000000083600000, 0x0000000083600000| Untracked 
|  29|0x0000000083700000, 0x0000000083700000, 0x0000000083800000|  0%| F|  |TAMS 0x0000000083700000, 0x0000000083700000| Untracked 
|  30|0x0000000083800000, 0x0000000083800000, 0x0000000083900000|  0%| F|  |TAMS 0x0000000083800000, 0x0000000083800000| Untracked 
|  31|0x0000000083900000, 0x0000000083900000, 0x0000000083a00000|  0%| F|  |TAMS 0x0000000083900000, 0x0000000083900000| Untracked 
|  32|0x0000000083a00000, 0x0000000083a00000, 0x0000000083b00000|  0%| F|  |TAMS 0x0000000083a00000, 0x0000000083a00000| Untracked 
|  33|0x0000000083b00000, 0x0000000083b00000, 0x0000000083c00000|  0%| F|  |TAMS 0x0000000083b00000, 0x0000000083b00000| Untracked 
|  34|0x0000000083c00000, 0x0000000083c00000, 0x0000000083d00000|  0%| F|  |TAMS 0x0000000083c00000, 0x0000000083c00000| Untracked 
|  35|0x0000000083d00000, 0x0000000083d00000, 0x0000000083e00000|  0%| F|  |TAMS 0x0000000083d00000, 0x0000000083d00000| Untracked 
|  36|0x0000000083e00000, 0x0000000083e00000, 0x0000000083f00000|  0%| F|  |TAMS 0x0000000083e00000, 0x0000000083e00000| Untracked 
|  37|0x0000000083f00000, 0x0000000083f00000, 0x0000000084000000|  0%| F|  |TAMS 0x0000000083f00000, 0x0000000083f00000| Untracked 
|  38|0x0000000084000000, 0x0000000084000000, 0x0000000084100000|  0%| F|  |TAMS 0x0000000084000000, 0x0000000084000000| Untracked 
|  39|0x0000000084100000, 0x0000000084100000, 0x0000000084200000|  0%| F|  |TAMS 0x0000000084100000, 0x0000000084100000| Untracked 
|  40|0x0000000084200000, 0x0000000084200000, 0x0000000084300000|  0%| F|  |TAMS 0x0000000084200000, 0x0000000084200000| Untracked 
|  41|0x0000000084300000, 0x0000000084300000, 0x0000000084400000|  0%| F|  |TAMS 0x0000000084300000, 0x0000000084300000| Untracked 
|  42|0x0000000084400000, 0x0000000084400000, 0x0000000084500000|  0%| F|  |TAMS 0x0000000084400000, 0x0000000084400000| Untracked 
|  43|0x0000000084500000, 0x0000000084500000, 0x0000000084600000|  0%| F|  |TAMS 0x0000000084500000, 0x0000000084500000| Untracked 
|  44|0x0000000084600000, 0x0000000084600000, 0x0000000084700000|  0%| F|  |TAMS 0x0000000084600000, 0x0000000084600000| Untracked 
|  45|0x0000000084700000, 0x0000000084700000, 0x0000000084800000|  0%| F|  |TAMS 0x0000000084700000, 0x0000000084700000| Untracked 
|  46|0x0000000084800000, 0x0000000084800000, 0x0000000084900000|  0%| F|  |TAMS 0x0000000084800000, 0x0000000084800000| Untracked 
|  47|0x0000000084900000, 0x0000000084900000, 0x0000000084a00000|  0%| F|  |TAMS 0x0000000084900000, 0x0000000084900000| Untracked 
|  48|0x0000000084a00000, 0x0000000084a00000, 0x0000000084b00000|  0%| F|  |TAMS 0x0000000084a00000, 0x0000000084a00000| Untracked 
|  49|0x0000000084b00000, 0x0000000084b00000, 0x0000000084c00000|  0%| F|  |TAMS 0x0000000084b00000, 0x0000000084b00000| Untracked 
|  50|0x0000000084c00000, 0x0000000084c00000, 0x0000000084d00000|  0%| F|  |TAMS 0x0000000084c00000, 0x0000000084c00000| Untracked 
|  51|0x0000000084d00000, 0x0000000084d00000, 0x0000000084e00000|  0%| F|  |TAMS 0x0000000084d00000, 0x0000000084d00000| Untracked 
|  52|0x0000000084e00000, 0x0000000084e00000, 0x0000000084f00000|  0%| F|  |TAMS 0x0000000084e00000, 0x0000000084e00000| Untracked 
|  53|0x0000000084f00000, 0x0000000084f00000, 0x0000000085000000|  0%| F|  |TAMS 0x0000000084f00000, 0x0000000084f00000| Untracked 
|  54|0x0000000085000000, 0x0000000085000000, 0x0000000085100000|  0%| F|  |TAMS 0x0000000085000000, 0x0000000085000000| Untracked 
|  55|0x0000000085100000, 0x00000000851b5470, 0x0000000085200000| 70%| E|CS|TAMS 0x0000000085100000, 0x0000000085100000| Complete 
|  56|0x0000000085200000, 0x0000000085300000, 0x0000000085300000|100%| E|CS|TAMS 0x0000000085200000, 0x0000000085200000| Complete 
|  57|0x0000000085300000, 0x0000000085400000, 0x0000000085400000|100%| E|CS|TAMS 0x0000000085300000, 0x0000000085300000| Complete 
|  58|0x0000000085400000, 0x0000000085500000, 0x0000000085500000|100%| E|CS|TAMS 0x0000000085400000, 0x0000000085400000| Complete 
|  59|0x0000000085500000, 0x0000000085600000, 0x0000000085600000|100%| E|CS|TAMS 0x0000000085500000, 0x0000000085500000| Complete 
|  60|0x0000000085600000, 0x0000000085700000, 0x0000000085700000|100%| E|CS|TAMS 0x0000000085600000, 0x0000000085600000| Complete 
|  61|0x0000000085700000, 0x0000000085800000, 0x0000000085800000|100%| E|CS|TAMS 0x0000000085700000, 0x0000000085700000| Complete 
|  62|0x0000000085800000, 0x0000000085800000, 0x0000000085900000|  0%| F|  |TAMS 0x0000000085800000, 0x0000000085800000| Untracked 
|  63|0x0000000085900000, 0x0000000085900000, 0x0000000085a00000|  0%| F|  |TAMS 0x0000000085900000, 0x0000000085900000| Untracked 
|  64|0x0000000085a00000, 0x0000000085af6a68, 0x0000000085b00000| 96%| S|  |TAMS 0x0000000085a00000, 0x0000000085a00000| Complete 
|  65|0x0000000085b00000, 0x0000000085c00000, 0x0000000085c00000|100%| S|  |TAMS 0x0000000085b00000, 0x0000000085b00000| Complete 
|  66|0x0000000085c00000, 0x0000000085d00000, 0x0000000085d00000|100%| S|  |TAMS 0x0000000085c00000, 0x0000000085c00000| Complete 
|  67|0x0000000085d00000, 0x0000000085e00000, 0x0000000085e00000|100%| S|  |TAMS 0x0000000085d00000, 0x0000000085d00000| Complete 
|  68|0x0000000085e00000, 0x0000000085f00000, 0x0000000085f00000|100%| S|  |TAMS 0x0000000085e00000, 0x0000000085e00000| Complete 
|  69|0x0000000085f00000, 0x0000000086000000, 0x0000000086000000|100%| E|CS|TAMS 0x0000000085f00000, 0x0000000085f00000| Complete 
|  70|0x0000000086000000, 0x0000000086100000, 0x0000000086100000|100%| E|CS|TAMS 0x0000000086000000, 0x0000000086000000| Complete 
|  71|0x0000000086100000, 0x0000000086200000, 0x0000000086200000|100%| E|CS|TAMS 0x0000000086100000, 0x0000000086100000| Complete 
|  72|0x0000000086200000, 0x0000000086300000, 0x0000000086300000|100%| E|CS|TAMS 0x0000000086200000, 0x0000000086200000| Complete 
|  73|0x0000000086300000, 0x0000000086400000, 0x0000000086400000|100%| E|CS|TAMS 0x0000000086300000, 0x0000000086300000| Complete 
|  74|0x0000000086400000, 0x0000000086500000, 0x0000000086500000|100%| E|CS|TAMS 0x0000000086400000, 0x0000000086400000| Complete 
|  75|0x0000000086500000, 0x0000000086600000, 0x0000000086600000|100%| E|CS|TAMS 0x0000000086500000, 0x0000000086500000| Complete 
|  76|0x0000000086600000, 0x0000000086700000, 0x0000000086700000|100%| E|CS|TAMS 0x0000000086600000, 0x0000000086600000| Complete 
|  77|0x0000000086700000, 0x0000000086800000, 0x0000000086800000|100%| E|CS|TAMS 0x0000000086700000, 0x0000000086700000| Complete 
|  78|0x0000000086800000, 0x0000000086900000, 0x0000000086900000|100%| E|CS|TAMS 0x0000000086800000, 0x0000000086800000| Complete 
|  79|0x0000000086900000, 0x0000000086a00000, 0x0000000086a00000|100%| E|CS|TAMS 0x0000000086900000, 0x0000000086900000| Complete 
|  80|0x0000000086a00000, 0x0000000086b00000, 0x0000000086b00000|100%| E|CS|TAMS 0x0000000086a00000, 0x0000000086a00000| Complete 
|  81|0x0000000086b00000, 0x0000000086c00000, 0x0000000086c00000|100%| E|CS|TAMS 0x0000000086b00000, 0x0000000086b00000| Complete 
|  82|0x0000000086c00000, 0x0000000086d00000, 0x0000000086d00000|100%| E|CS|TAMS 0x0000000086c00000, 0x0000000086c00000| Complete 
|  83|0x0000000086d00000, 0x0000000086e00000, 0x0000000086e00000|100%| E|CS|TAMS 0x0000000086d00000, 0x0000000086d00000| Complete 
|  84|0x0000000086e00000, 0x0000000086f00000, 0x0000000086f00000|100%| E|CS|TAMS 0x0000000086e00000, 0x0000000086e00000| Complete 
|  85|0x0000000086f00000, 0x0000000087000000, 0x0000000087000000|100%| E|CS|TAMS 0x0000000086f00000, 0x0000000086f00000| Complete 
|  86|0x0000000087000000, 0x0000000087100000, 0x0000000087100000|100%| E|CS|TAMS 0x0000000087000000, 0x0000000087000000| Complete 
|  87|0x0000000087100000, 0x0000000087200000, 0x0000000087200000|100%| E|CS|TAMS 0x0000000087100000, 0x0000000087100000| Complete 
|  88|0x0000000087200000, 0x0000000087300000, 0x0000000087300000|100%| E|CS|TAMS 0x0000000087200000, 0x0000000087200000| Complete 
|  89|0x0000000087300000, 0x0000000087400000, 0x0000000087400000|100%| E|CS|TAMS 0x0000000087300000, 0x0000000087300000| Complete 
|  90|0x0000000087400000, 0x0000000087500000, 0x0000000087500000|100%| E|CS|TAMS 0x0000000087400000, 0x0000000087400000| Complete 
|  91|0x0000000087500000, 0x0000000087600000, 0x0000000087600000|100%| E|CS|TAMS 0x0000000087500000, 0x0000000087500000| Complete 
|  92|0x0000000087600000, 0x0000000087700000, 0x0000000087700000|100%| E|CS|TAMS 0x0000000087600000, 0x0000000087600000| Complete 
|  93|0x0000000087700000, 0x0000000087800000, 0x0000000087800000|100%| E|CS|TAMS 0x0000000087700000, 0x0000000087700000| Complete 
|  94|0x0000000087800000, 0x0000000087900000, 0x0000000087900000|100%| E|CS|TAMS 0x0000000087800000, 0x0000000087800000| Complete 
|  95|0x0000000087900000, 0x0000000087a00000, 0x0000000087a00000|100%| E|CS|TAMS 0x0000000087900000, 0x0000000087900000| Complete 
|  96|0x0000000087a00000, 0x0000000087b00000, 0x0000000087b00000|100%| E|CS|TAMS 0x0000000087a00000, 0x0000000087a00000| Complete 
|  97|0x0000000087b00000, 0x0000000087c00000, 0x0000000087c00000|100%| E|CS|TAMS 0x0000000087b00000, 0x0000000087b00000| Complete 
|  98|0x0000000087c00000, 0x0000000087d00000, 0x0000000087d00000|100%| E|CS|TAMS 0x0000000087c00000, 0x0000000087c00000| Complete 
|  99|0x0000000087d00000, 0x0000000087e00000, 0x0000000087e00000|100%| E|CS|TAMS 0x0000000087d00000, 0x0000000087d00000| Complete 
| 100|0x0000000087e00000, 0x0000000087f00000, 0x0000000087f00000|100%| E|CS|TAMS 0x0000000087e00000, 0x0000000087e00000| Complete 
| 101|0x0000000087f00000, 0x0000000088000000, 0x0000000088000000|100%| E|CS|TAMS 0x0000000087f00000, 0x0000000087f00000| Complete 
| 102|0x0000000088000000, 0x0000000088100000, 0x0000000088100000|100%| E|CS|TAMS 0x0000000088000000, 0x0000000088000000| Complete 
| 103|0x0000000088100000, 0x0000000088200000, 0x0000000088200000|100%| E|CS|TAMS 0x0000000088100000, 0x0000000088100000| Complete 
| 104|0x0000000088200000, 0x0000000088300000, 0x0000000088300000|100%| E|CS|TAMS 0x0000000088200000, 0x0000000088200000| Complete 
| 105|0x0000000088300000, 0x0000000088400000, 0x0000000088400000|100%| E|CS|TAMS 0x0000000088300000, 0x0000000088300000| Complete 
| 106|0x0000000088400000, 0x0000000088500000, 0x0000000088500000|100%| E|CS|TAMS 0x0000000088400000, 0x0000000088400000| Complete 
| 107|0x0000000088500000, 0x0000000088600000, 0x0000000088600000|100%| E|CS|TAMS 0x0000000088500000, 0x0000000088500000| Complete 
| 108|0x0000000088600000, 0x0000000088700000, 0x0000000088700000|100%| E|CS|TAMS 0x0000000088600000, 0x0000000088600000| Complete 
| 109|0x0000000088700000, 0x0000000088800000, 0x0000000088800000|100%| E|CS|TAMS 0x0000000088700000, 0x0000000088700000| Complete 
| 110|0x0000000088800000, 0x0000000088900000, 0x0000000088900000|100%| E|CS|TAMS 0x0000000088800000, 0x0000000088800000| Complete 
| 111|0x0000000088900000, 0x0000000088a00000, 0x0000000088a00000|100%| E|CS|TAMS 0x0000000088900000, 0x0000000088900000| Complete 
| 112|0x0000000088a00000, 0x0000000088b00000, 0x0000000088b00000|100%| E|CS|TAMS 0x0000000088a00000, 0x0000000088a00000| Complete 
| 113|0x0000000088b00000, 0x0000000088c00000, 0x0000000088c00000|100%| E|CS|TAMS 0x0000000088b00000, 0x0000000088b00000| Complete 
| 114|0x0000000088c00000, 0x0000000088d00000, 0x0000000088d00000|100%| E|CS|TAMS 0x0000000088c00000, 0x0000000088c00000| Complete 
| 115|0x0000000088d00000, 0x0000000088e00000, 0x0000000088e00000|100%| E|CS|TAMS 0x0000000088d00000, 0x0000000088d00000| Complete 
| 116|0x0000000088e00000, 0x0000000088f00000, 0x0000000088f00000|100%| E|CS|TAMS 0x0000000088e00000, 0x0000000088e00000| Complete 
| 117|0x0000000088f00000, 0x0000000089000000, 0x0000000089000000|100%| E|CS|TAMS 0x0000000088f00000, 0x0000000088f00000| Complete 
| 118|0x0000000089000000, 0x0000000089100000, 0x0000000089100000|100%| E|CS|TAMS 0x0000000089000000, 0x0000000089000000| Complete 
| 119|0x0000000089100000, 0x0000000089200000, 0x0000000089200000|100%| E|CS|TAMS 0x0000000089100000, 0x0000000089100000| Complete 
| 120|0x0000000089200000, 0x0000000089300000, 0x0000000089300000|100%| E|CS|TAMS 0x0000000089200000, 0x0000000089200000| Complete 
| 121|0x0000000089300000, 0x0000000089400000, 0x0000000089400000|100%| E|CS|TAMS 0x0000000089300000, 0x0000000089300000| Complete 
| 122|0x0000000089400000, 0x0000000089500000, 0x0000000089500000|100%| E|CS|TAMS 0x0000000089400000, 0x0000000089400000| Complete 
| 123|0x0000000089500000, 0x0000000089600000, 0x0000000089600000|100%| E|CS|TAMS 0x0000000089500000, 0x0000000089500000| Complete 
| 124|0x0000000089600000, 0x0000000089700000, 0x0000000089700000|100%| E|CS|TAMS 0x0000000089600000, 0x0000000089600000| Complete 
| 125|0x0000000089700000, 0x0000000089800000, 0x0000000089800000|100%| E|CS|TAMS 0x0000000089700000, 0x0000000089700000| Complete 
| 126|0x0000000089800000, 0x0000000089900000, 0x0000000089900000|100%| E|CS|TAMS 0x0000000089800000, 0x0000000089800000| Complete 
| 127|0x0000000089900000, 0x0000000089a00000, 0x0000000089a00000|100%| E|CS|TAMS 0x0000000089900000, 0x0000000089900000| Complete 
| 128|0x0000000089a00000, 0x0000000089b00000, 0x0000000089b00000|100%| E|CS|TAMS 0x0000000089a00000, 0x0000000089a00000| Complete 
| 129|0x0000000089b00000, 0x0000000089c00000, 0x0000000089c00000|100%| E|CS|TAMS 0x0000000089b00000, 0x0000000089b00000| Complete 
| 130|0x0000000089c00000, 0x0000000089d00000, 0x0000000089d00000|100%| E|CS|TAMS 0x0000000089c00000, 0x0000000089c00000| Complete 
| 131|0x0000000089d00000, 0x0000000089e00000, 0x0000000089e00000|100%| E|CS|TAMS 0x0000000089d00000, 0x0000000089d00000| Complete 
| 132|0x0000000089e00000, 0x0000000089f00000, 0x0000000089f00000|100%| E|CS|TAMS 0x0000000089e00000, 0x0000000089e00000| Complete 
| 133|0x0000000089f00000, 0x000000008a000000, 0x000000008a000000|100%| E|CS|TAMS 0x0000000089f00000, 0x0000000089f00000| Complete 
| 134|0x000000008a000000, 0x000000008a100000, 0x000000008a100000|100%| E|CS|TAMS 0x000000008a000000, 0x000000008a000000| Complete 
| 135|0x000000008a100000, 0x000000008a200000, 0x000000008a200000|100%| E|CS|TAMS 0x000000008a100000, 0x000000008a100000| Complete 
| 136|0x000000008a200000, 0x000000008a300000, 0x000000008a300000|100%| E|CS|TAMS 0x000000008a200000, 0x000000008a200000| Complete 
| 137|0x000000008a300000, 0x000000008a400000, 0x000000008a400000|100%| E|CS|TAMS 0x000000008a300000, 0x000000008a300000| Complete 
| 138|0x000000008a400000, 0x000000008a500000, 0x000000008a500000|100%| E|CS|TAMS 0x000000008a400000, 0x000000008a400000| Complete 
| 139|0x000000008a500000, 0x000000008a600000, 0x000000008a600000|100%| E|CS|TAMS 0x000000008a500000, 0x000000008a500000| Complete 
| 140|0x000000008a600000, 0x000000008a700000, 0x000000008a700000|100%| E|CS|TAMS 0x000000008a600000, 0x000000008a600000| Complete 
| 141|0x000000008a700000, 0x000000008a800000, 0x000000008a800000|100%| E|CS|TAMS 0x000000008a700000, 0x000000008a700000| Complete 
| 142|0x000000008a800000, 0x000000008a900000, 0x000000008a900000|100%| E|CS|TAMS 0x000000008a800000, 0x000000008a800000| Complete 
| 143|0x000000008a900000, 0x000000008aa00000, 0x000000008aa00000|100%| E|CS|TAMS 0x000000008a900000, 0x000000008a900000| Complete 
| 144|0x000000008aa00000, 0x000000008ab00000, 0x000000008ab00000|100%| E|CS|TAMS 0x000000008aa00000, 0x000000008aa00000| Complete 
| 145|0x000000008ab00000, 0x000000008ac00000, 0x000000008ac00000|100%| E|CS|TAMS 0x000000008ab00000, 0x000000008ab00000| Complete 
| 146|0x000000008ac00000, 0x000000008ad00000, 0x000000008ad00000|100%| E|CS|TAMS 0x000000008ac00000, 0x000000008ac00000| Complete 
| 147|0x000000008ad00000, 0x000000008ae00000, 0x000000008ae00000|100%| E|CS|TAMS 0x000000008ad00000, 0x000000008ad00000| Complete 
| 148|0x000000008ae00000, 0x000000008af00000, 0x000000008af00000|100%| E|CS|TAMS 0x000000008ae00000, 0x000000008ae00000| Complete 
| 149|0x000000008af00000, 0x000000008b000000, 0x000000008b000000|100%| E|CS|TAMS 0x000000008af00000, 0x000000008af00000| Complete 
| 150|0x000000008b000000, 0x000000008b100000, 0x000000008b100000|100%| E|CS|TAMS 0x000000008b000000, 0x000000008b000000| Complete 
| 151|0x000000008b100000, 0x000000008b200000, 0x000000008b200000|100%| E|CS|TAMS 0x000000008b100000, 0x000000008b100000| Complete 
| 152|0x000000008b200000, 0x000000008b300000, 0x000000008b300000|100%| E|CS|TAMS 0x000000008b200000, 0x000000008b200000| Complete 
| 153|0x000000008b300000, 0x000000008b400000, 0x000000008b400000|100%| E|CS|TAMS 0x000000008b300000, 0x000000008b300000| Complete 

Card table byte_map: [0x0000019f7a1e0000,0x0000019f7a5e0000] _byte_map_base: 0x0000019f79dd3000

Marking Bits (Prev, Next): (CMBitMap*) 0x0000019f77c106c0, (CMBitMap*) 0x0000019f77c10688
 Prev Bits: [0x0000019f7c980000, 0x0000019f7e918000)
 Next Bits: [0x0000019f7a9e0000, 0x0000019f7c978000)

Polling page: 0x0000019f779f0000

Metaspace:

Usage:
  Non-class:     62.15 MB capacity,    61.08 MB ( 98%) used,   856.16 KB (  1%) free+waste,   237.25 KB ( <1%) overhead. 
      Class:      9.75 MB capacity,     9.05 MB ( 93%) used,   604.39 KB (  6%) free+waste,   109.19 KB (  1%) overhead. 
       Both:     71.90 MB capacity,    70.13 MB ( 98%) used,     1.43 MB (  2%) free+waste,   346.44 KB ( <1%) overhead. 

Virtual space:
  Non-class space:       64.00 MB reserved,      62.38 MB ( 97%) committed 
      Class space:        1.00 GB reserved,       9.82 MB ( <1%) committed 
             Both:        1.06 GB reserved,      72.20 MB (  7%) committed 

Chunk freelists:
   Non-Class:  5.88 KB
       Class:  0 bytes
        Both:  5.88 KB

CodeHeap 'non-profiled nmethods': size=120064Kb used=4015Kb max_used=5536Kb free=116048Kb
 bounds [0x0000019f0fd10000, 0x0000019f10280000, 0x0000019f17250000]
CodeHeap 'profiled nmethods': size=120000Kb used=12467Kb max_used=14597Kb free=107532Kb
 bounds [0x0000019f087e0000, 0x0000019f09630000, 0x0000019f0fd10000]
CodeHeap 'non-nmethods': size=5696Kb used=1310Kb max_used=1384Kb free=4385Kb
 bounds [0x0000019f08250000, 0x0000019f084c0000, 0x0000019f087e0000]
 total_blobs=8392 nmethods=5414 adapters=509
 compilation: enabled
              stopped_count=0, restarted_count=0
 full_count=0

Compilation events (10 events):
Event: 8886.663 Thread 0x0000019f7f5f8000 6461       3       org.h2.engine.Database::unlockMetaDebug (38 bytes)
Event: 8886.664 Thread 0x0000019f7f5f8000 nmethod 6461 0x0000019f088d4f90 code [0x0000019f088d5240, 0x0000019f088d6230]
Event: 8886.664 Thread 0x0000019f7f5f8000 6462       3       org.h2.message.Trace::isInfoEnabled (6 bytes)
Event: 8886.664 Thread 0x0000019f7f5f8000 nmethod 6462 0x0000019f088c8690 code [0x0000019f088c8860, 0x0000019f088c8b50]
Event: 8889.303 Thread 0x0000019f7f5f8000 6463       3       java.util.concurrent.ThreadPoolExecutor::isRunning (10 bytes)
Event: 8889.304 Thread 0x0000019f7f5f8000 nmethod 6463 0x0000019f088bb610 code [0x0000019f088bb7c0, 0x0000019f088bb958]
Event: 8889.304 Thread 0x0000019f7f5f8000 6464       3       org.h2.jdbc.JdbcConnection::closeAndSetNull (12 bytes)
Event: 8889.305 Thread 0x0000019f7f5f8000 nmethod 6464 0x0000019f088c7210 code [0x0000019f088c73c0, 0x0000019f088c7658]
Event: 8889.305 Thread 0x0000019f7f5f8000 6465       3       org.h2.mvstore.tx.Transaction::composeState (62 bytes)
Event: 8889.306 Thread 0x0000019f7f5f8000 nmethod 6465 0x0000019f088d4810 code [0x0000019f088d4a00, 0x0000019f088d4e00]

GC Heap History (10 events):
Event: 13.666 GC heap after
{Heap after GC invocations=14 (full 0):
 garbage-first heap   total 157696K, used 22000K [0x0000000081a00000, 0x0000000100000000)
  region size 1024K, 7 young (7168K), 7 survivors (7168K)
 Metaspace       used 53475K, capacity 54863K, committed 55164K, reserved 1097728K
  class space    used 6722K, capacity 7243K, committed 7372K, reserved 1048576K
}
Event: 14.763 GC heap before
{Heap before GC invocations=14 (full 0):
 garbage-first heap   total 157696K, used 88560K [0x0000000081a00000, 0x0000000100000000)
  region size 1024K, 73 young (74752K), 7 survivors (7168K)
 Metaspace       used 58981K, capacity 60295K, committed 60368K, reserved 1101824K
  class space    used 7433K, capacity 7967K, committed 8012K, reserved 1048576K
}
Event: 14.774 GC heap after
{Heap after GC invocations=15 (full 0):
 garbage-first heap   total 157696K, used 23455K [0x0000000081a00000, 0x0000000100000000)
  region size 1024K, 6 young (6144K), 6 survivors (6144K)
 Metaspace       used 58981K, capacity 60295K, committed 60368K, reserved 1101824K
  class space    used 7433K, capacity 7967K, committed 8012K, reserved 1048576K
}
Event: 17.216 GC heap before
{Heap before GC invocations=16 (full 0):
 garbage-first heap   total 157696K, used 111519K [0x0000000081a00000, 0x0000000100000000)
  region size 1024K, 92 young (94208K), 6 survivors (6144K)
 Metaspace       used 62108K, capacity 63590K, committed 63696K, reserved 1103872K
  class space    used 7842K, capacity 8421K, committed 8524K, reserved 1048576K
}
Event: 17.229 GC heap after
{Heap after GC invocations=17 (full 0):
 garbage-first heap   total 157696K, used 26866K [0x0000000081a00000, 0x0000000100000000)
  region size 1024K, 10 young (10240K), 10 survivors (10240K)
 Metaspace       used 62108K, capacity 63590K, committed 63696K, reserved 1103872K
  class space    used 7842K, capacity 8421K, committed 8524K, reserved 1048576K
}
Event: 18.949 GC heap before
{Heap before GC invocations=17 (full 0):
 garbage-first heap   total 157696K, used 110834K [0x0000000081a00000, 0x0000000100000000)
  region size 1024K, 92 young (94208K), 10 survivors (10240K)
 Metaspace       used 64664K, capacity 66168K, committed 66256K, reserved 1107968K
  class space    used 8200K, capacity 8769K, committed 8780K, reserved 1048576K
}
Event: 18.965 GC heap after
{Heap after GC invocations=18 (full 0):
 garbage-first heap   total 157696K, used 29827K [0x0000000081a00000, 0x0000000100000000)
  region size 1024K, 8 young (8192K), 8 survivors (8192K)
 Metaspace       used 64664K, capacity 66168K, committed 66256K, reserved 1107968K
  class space    used 8200K, capacity 8769K, committed 8780K, reserved 1048576K
}
Event: 20.649 GC heap before
{Heap before GC invocations=18 (full 0):
 garbage-first heap   total 157696K, used 115843K [0x0000000081a00000, 0x0000000100000000)
  region size 1024K, 92 young (94208K), 8 survivors (8192K)
 Metaspace       used 67574K, capacity 69328K, committed 69456K, reserved 1110016K
  class space    used 8629K, capacity 9326K, committed 9420K, reserved 1048576K
}
Event: 20.667 GC heap after
{Heap after GC invocations=19 (full 0):
 garbage-first heap   total 157696K, used 33134K [0x0000000081a00000, 0x0000000100000000)
  region size 1024K, 7 young (7168K), 7 survivors (7168K)
 Metaspace       used 67574K, capacity 69328K, committed 69456K, reserved 1110016K
  class space    used 8629K, capacity 9326K, committed 9420K, reserved 1048576K
}
Event: 8919.146 GC heap before
{Heap before GC invocations=19 (full 0):
 garbage-first heap   total 157696K, used 120174K [0x0000000081a00000, 0x0000000100000000)
  region size 1024K, 92 young (94208K), 7 survivors (7168K)
 Metaspace       used 71815K, capacity 73622K, committed 73936K, reserved 1114112K
  class space    used 9271K, capacity 9985K, committed 10060K, reserved 1048576K
}

Deoptimization events (10 events):
Event: 21.959 Thread 0x0000019f77bcf800 Uncommon trap: reason=unhandled action=none pc=0x0000019f10134ab0 method=jdk.internal.loader.BuiltinClassLoader.loadClass(Ljava/lang/String;Z)Ljava/lang/Class; @ 19 c2
Event: 22.288 Thread 0x0000019f77bcf800 Uncommon trap: reason=unhandled action=none pc=0x0000019f10134ab0 method=jdk.internal.loader.BuiltinClassLoader.loadClass(Ljava/lang/String;Z)Ljava/lang/Class; @ 19 c2
Event: 22.288 Thread 0x0000019f77bcf800 Uncommon trap: reason=unhandled action=none pc=0x0000019f10134ab0 method=jdk.internal.loader.BuiltinClassLoader.loadClass(Ljava/lang/String;Z)Ljava/lang/Class; @ 19 c2
Event: 22.290 Thread 0x0000019f77bcf800 Uncommon trap: reason=unhandled action=none pc=0x0000019f100ca2f0 method=org.springframework.beans.factory.support.DefaultListableBeanFactory.getBeanDefinition(Ljava/lang/String;)Lorg/springframework/beans/factory/config/BeanDefinition; @ 75 c2
Event: 22.292 Thread 0x0000019f77bcf800 Uncommon trap: reason=unhandled action=none pc=0x0000019f10134ab0 method=jdk.internal.loader.BuiltinClassLoader.loadClass(Ljava/lang/String;Z)Ljava/lang/Class; @ 19 c2
Event: 22.292 Thread 0x0000019f77bcf800 Uncommon trap: reason=unhandled action=none pc=0x0000019f10134ab0 method=jdk.internal.loader.BuiltinClassLoader.loadClass(Ljava/lang/String;Z)Ljava/lang/Class; @ 19 c2
Event: 22.312 Thread 0x0000019f77bcf800 Uncommon trap: reason=unhandled action=none pc=0x0000019f10134ab0 method=jdk.internal.loader.BuiltinClassLoader.loadClass(Ljava/lang/String;Z)Ljava/lang/Class; @ 19 c2
Event: 22.313 Thread 0x0000019f77bcf800 Uncommon trap: reason=unhandled action=none pc=0x0000019f10134ab0 method=jdk.internal.loader.BuiltinClassLoader.loadClass(Ljava/lang/String;Z)Ljava/lang/Class; @ 19 c2
Event: 237.660 Thread 0x0000019f7f8da000 Uncommon trap: reason=unstable_if action=reinterpret pc=0x0000019f100152a8 method=sun.instrument.InstrumentationImpl.transform(Ljava/lang/Module;Ljava/lang/ClassLoader;Ljava/lang/String;Ljava/lang/Class;Ljava/security/ProtectionDomain;[BZ)[B @ 24 c2
Event: 1770.143 Thread 0x0000019f19832800 Uncommon trap: reason=unstable_if action=reinterpret pc=0x0000019f0fd1a758 method=java.util.concurrent.locks.AbstractQueuedSynchronizer.release(I)Z @ 21 c2

Classes redefined (10 events):
Event: 335.387 Thread 0x0000019f77e84800 redefined class name=com.synechron.order.test.OrderServiceImplTests, count=2
Event: 552.168 Thread 0x0000019f77e84800 redefined class name=com.synechron.order.test.OrderServiceImplTests, count=3
Event: 560.330 Thread 0x0000019f77e84800 redefined class name=com.synechron.order.test.OrderServiceImplTests, count=4
Event: 564.168 Thread 0x0000019f77e84800 redefined class name=com.synechron.order.test.OrderServiceImplTests, count=5
Event: 3730.186 Thread 0x0000019f77e84800 redefined class name=com.synechron.order.service.OrderServiceImpl, count=1
Event: 3791.853 Thread 0x0000019f77e84800 redefined class name=com.synechron.order.test.OrderServiceImplTests, count=6
Event: 4292.140 Thread 0x0000019f77e84800 redefined class name=com.synechron.order.test.OrderServiceImplTests, count=7
Event: 4311.901 Thread 0x0000019f77e84800 redefined class name=com.synechron.order.test.OrderServiceImplTests, count=8
Event: 7189.470 Thread 0x0000019f77e84800 redefined class name=com.synechron.order.test.OrderServiceImplTests, count=9
Event: 7198.674 Thread 0x0000019f77e84800 redefined class name=com.synechron.order.test.OrderServiceImplTests, count=10

Internal exceptions (10 events):
Event: 21.026 Thread 0x0000019f77bcf800 Exception <a 'java/lang/ClassNotFoundException'{0x000000008a0e9e98}: org/springframework/web/multipart/support/StandardServletMultipartResolverCustomizer> (0x000000008a0e9e98) thrown at [t:/workspace/open/src/hotspot/share/classfile/systemDictionary.cpp, 
Event: 21.028 Thread 0x0000019f77bcf800 Exception <a 'java/lang/ClassNotFoundException'{0x0000000089f07400}: org/springframework/web/multipart/MultipartResolverCustomizer> (0x0000000089f07400) thrown at [t:/workspace/open/src/hotspot/share/classfile/systemDictionary.cpp, line 231]
Event: 21.046 Thread 0x0000019f77bcf800 Exception <a 'java/lang/NoSuchMethodError'{0x0000000089ff95d0}: java.lang.invoke.DirectMethodHandle$Holder.invokeSpecial(Ljava/lang/Object;Ljava/lang/Object;ILjava/lang/Object;ILjava/lang/Object;)Ljava/lang/Object;> (0x0000000089ff95d0) thrown at [t:/work
Event: 21.046 Thread 0x0000019f77bcf800 Exception <a 'java/lang/NoSuchMethodError'{0x0000000089e014d0}: java.lang.invoke.DirectMethodHandle$Holder.invokeStatic(Ljava/lang/Object;Ljava/lang/Object;ILjava/lang/Object;I)Ljava/lang/Object;> (0x0000000089e014d0) thrown at [t:/workspace/open/src/hots
Event: 21.047 Thread 0x0000019f77bcf800 Exception <a 'java/lang/NoSuchMethodError'{0x0000000089e051f8}: java.lang.invoke.DirectMethodHandle$Holder.invokeSpecial(Ljava/lang/Object;Ljava/lang/Object;Ljava/lang/Object;ILjava/lang/Object;I)Ljava/lang/Object;> (0x0000000089e051f8) thrown at [t:/work
Event: 21.050 Thread 0x0000019f77bcf800 Exception <a 'java/lang/NoSuchMethodError'{0x0000000089e15ad8}: java.lang.invoke.DirectMethodHandle$Holder.invokeVirtual(Ljava/lang/Object;Ljava/lang/Object;)V> (0x0000000089e15ad8) thrown at [t:/workspace/open/src/hotspot/share/interpreter/linkResolver.c
Event: 21.872 Thread 0x0000019f77bcf800 Exception <a 'java/lang/ClassNotFoundException'{0x000000008860dd40}: java/lang/ObjectCustomizer> (0x000000008860dd40) thrown at [t:/workspace/open/src/hotspot/share/classfile/systemDictionary.cpp, line 231]
Event: 21.874 Thread 0x0000019f77bcf800 Exception <a 'java/lang/ClassNotFoundException'{0x0000000088627f70}: com/synechron/order/test/OrderServiceImplTestsCustomizer> (0x0000000088627f70) thrown at [t:/workspace/open/src/hotspot/share/classfile/systemDictionary.cpp, line 231]
Event: 21.897 Thread 0x0000019f77bcf800 Exception <a 'java/lang/NoSuchMethodError'{0x00000000886bfb60}: java.lang.invoke.DirectMethodHandle$Holder.invokeSpecial(Ljava/lang/Object;Ljava/lang/Object;Ljava/lang/Object;Ljava/lang/Object;Ljava/lang/Object;I)Ljava/lang/Object;> (0x00000000886bfb60) t
Event: 21.897 Thread 0x0000019f77bcf800 Exception <a 'java/lang/NoSuchMethodError'{0x00000000886c3250}: java.lang.invoke.Invokers$Holder.linkToTargetMethod(Ljava/lang/Object;Ljava/lang/Object;Ljava/lang/Object;ILjava/lang/Object;)Ljava/lang/Object;> (0x00000000886c3250) thrown at [t:/workspace/

Events (10 events):
Event: 8909.234 Executing VM operation: RevokeBias done
Event: 8914.238 Executing VM operation: RevokeBias
Event: 8914.239 Executing VM operation: RevokeBias done
Event: 8914.239 Executing VM operation: RevokeBias
Event: 8914.240 Executing VM operation: RevokeBias done
Event: 8914.240 Thread 0x0000019f1982d800 Thread exited: 0x0000019f1982d800
Event: 8914.240 Thread 0x0000019f19833800 Thread exited: 0x0000019f19833800
Event: 8919.144 Thread 0x0000019f19833800 Thread added: 0x0000019f19833800
Event: 8919.145 Thread 0x0000019f1982d800 Thread added: 0x0000019f1982d800
Event: 8919.145 Executing VM operation: G1CollectForAllocation


Dynamic libraries:
0x00007ff6e3850000 - 0x00007ff6e3897000 	C:\Program Files\Java\jdk-11.0.2\bin\javaw.exe
0x00007ffa06eb0000 - 0x00007ffa070a5000 	C:\WINDOWS\SYSTEM32\ntdll.dll
0x00007ffa05fb0000 - 0x00007ffa0606d000 	C:\WINDOWS\System32\KERNEL32.DLL
0x00007ffa04820000 - 0x00007ffa04ae8000 	C:\WINDOWS\System32\KERNELBASE.dll
0x00000000609a0000 - 0x0000000060a46000 	C:\WINDOWS\System32\SYSFER.DLL
0x00007ffa06340000 - 0x00007ffa063ec000 	C:\WINDOWS\System32\ADVAPI32.dll
0x00007ffa05d70000 - 0x00007ffa05e0e000 	C:\WINDOWS\System32\msvcrt.dll
0x00007ffa05050000 - 0x00007ffa050eb000 	C:\WINDOWS\System32\sechost.dll
0x00007ffa04f20000 - 0x00007ffa0504b000 	C:\WINDOWS\System32\RPCRT4.dll
0x00007ffa05e10000 - 0x00007ffa05fb0000 	C:\WINDOWS\System32\USER32.dll
0x00007ffa04750000 - 0x00007ffa04772000 	C:\WINDOWS\System32\win32u.dll
0x00007ffa052a0000 - 0x00007ffa052ca000 	C:\WINDOWS\System32\GDI32.dll
0x00007ffa04c00000 - 0x00007ffa04d0b000 	C:\WINDOWS\System32\gdi32full.dll
0x00007ffa04780000 - 0x00007ffa0481d000 	C:\WINDOWS\System32\msvcp_win.dll
0x00007ffa04d10000 - 0x00007ffa04e10000 	C:\WINDOWS\System32\ucrtbase.dll
0x00007ff9f16f0000 - 0x00007ff9f198a000 	C:\WINDOWS\WinSxS\amd64_microsoft.windows.common-controls_6595b64144ccf1df_6.0.19041.1052_none_60b8f8fd71f5e8cb\COMCTL32.dll
0x00007ff9f36b0000 - 0x00007ff9f36ba000 	C:\WINDOWS\SYSTEM32\VERSION.dll
0x00007ffa06480000 - 0x00007ffa06488000 	C:\WINDOWS\System32\psapi.dll
0x00007ffa05800000 - 0x00007ffa05830000 	C:\WINDOWS\System32\IMM32.DLL
0x00007ff9e9480000 - 0x00007ff9e9496000 	C:\Program Files\Java\jdk-11.0.2\bin\vcruntime140.dll
0x00007ff9e93d0000 - 0x00007ff9e947a000 	C:\Program Files\Java\jdk-11.0.2\bin\msvcp140.dll
0x00007ff9c2510000 - 0x00007ff9c3037000 	C:\Program Files\Java\jdk-11.0.2\bin\server\jvm.dll
0x00007ff9f5b10000 - 0x00007ff9f5b19000 	C:\WINDOWS\SYSTEM32\WSOCK32.dll
0x00007ffa061b0000 - 0x00007ffa0621b000 	C:\WINDOWS\System32\WS2_32.dll
0x00007ff9f2310000 - 0x00007ff9f2337000 	C:\WINDOWS\SYSTEM32\WINMM.dll
0x00007ffa02420000 - 0x00007ffa02432000 	C:\WINDOWS\SYSTEM32\kernel.appcore.dll
0x00007ffa01cf0000 - 0x00007ffa01d01000 	C:\Program Files\Java\jdk-11.0.2\bin\verify.dll
0x00007ff9ed2f0000 - 0x00007ff9ed4d4000 	C:\WINDOWS\SYSTEM32\DBGHELP.DLL
0x00007ff9ec640000 - 0x00007ff9ec66c000 	C:\WINDOWS\SYSTEM32\dbgcore.DLL
0x00007ffa04e90000 - 0x00007ffa04f13000 	C:\WINDOWS\System32\bcryptPrimitives.dll
0x00007ff9ce820000 - 0x00007ff9ce849000 	C:\Program Files\Java\jdk-11.0.2\bin\java.dll
0x00007ff9ddef0000 - 0x00007ff9ddf27000 	C:\Program Files\Java\jdk-11.0.2\bin\jdwp.dll
0x00007ff9dc270000 - 0x00007ff9dc29f000 	C:\Program Files\Java\jdk-11.0.2\bin\instrument.dll
0x00007ff9e1410000 - 0x00007ff9e1426000 	C:\Program Files\Java\jdk-11.0.2\bin\zip.dll
0x00007ffa00140000 - 0x00007ffa0014a000 	C:\Program Files\Java\jdk-11.0.2\bin\jimage.dll
0x00007ffa06510000 - 0x00007ffa06c4f000 	C:\WINDOWS\System32\SHELL32.dll
0x00007ffa02620000 - 0x00007ffa02db0000 	C:\WINDOWS\SYSTEM32\windows.storage.dll
0x00007ffa054a0000 - 0x00007ffa057f5000 	C:\WINDOWS\System32\combase.dll
0x00007ffa03f90000 - 0x00007ffa03fbc000 	C:\WINDOWS\SYSTEM32\Wldp.dll
0x00007ffa06cb0000 - 0x00007ffa06d5e000 	C:\WINDOWS\System32\SHCORE.dll
0x00007ffa06070000 - 0x00007ffa060c5000 	C:\WINDOWS\System32\shlwapi.dll
0x00007ffa04530000 - 0x00007ffa0454f000 	C:\WINDOWS\SYSTEM32\profapi.dll
0x00007ff9e9520000 - 0x00007ff9e952a000 	C:\Program Files\Java\jdk-11.0.2\bin\dt_socket.dll
0x00007ffa03d00000 - 0x00007ffa03d6a000 	C:\WINDOWS\System32\mswsock.dll
0x00007ffa03a90000 - 0x00007ffa03b5c000 	C:\WINDOWS\SYSTEM32\DNSAPI.dll
0x00007ffa039f0000 - 0x00007ffa03a2b000 	C:\WINDOWS\SYSTEM32\IPHLPAPI.DLL
0x00007ffa052d0000 - 0x00007ffa052d8000 	C:\WINDOWS\System32\NSI.dll
0x00007ff9f6160000 - 0x00007ff9f61df000 	C:\WINDOWS\System32\fwpuclnt.dll
0x00007ffa04e60000 - 0x00007ffa04e87000 	C:\WINDOWS\System32\bcrypt.dll
0x00007ff9f1ee0000 - 0x00007ff9f1eea000 	C:\Windows\System32\rasadhlp.dll
0x00007ff9ce6c0000 - 0x00007ff9ce6d9000 	C:\Program Files\Java\jdk-11.0.2\bin\net.dll
0x00007ffa03620000 - 0x00007ffa0372b000 	C:\WINDOWS\SYSTEM32\WINHTTP.dll
0x00007ff9fde60000 - 0x00007ff9fe04c000 	C:\WINDOWS\SYSTEM32\urlmon.dll
0x00007ff9fe190000 - 0x00007ff9fe440000 	C:\WINDOWS\SYSTEM32\iertutil.dll
0x00007ff9ce6a0000 - 0x00007ff9ce6b3000 	C:\Program Files\Java\jdk-11.0.2\bin\nio.dll
0x00007ff9e5710000 - 0x00007ff9e5719000 	C:\Program Files\Java\jdk-11.0.2\bin\management.dll
0x00007ff9e5700000 - 0x00007ff9e570c000 	C:\Program Files\Java\jdk-11.0.2\bin\management_ext.dll
0x00007ff9e4f10000 - 0x00007ff9e4f27000 	C:\WINDOWS\system32\napinsp.dll
0x00007ff9e4ef0000 - 0x00007ff9e4f0b000 	C:\WINDOWS\system32\pnrpnsp.dll
0x00007ff9f6af0000 - 0x00007ff9f6b05000 	C:\WINDOWS\system32\wshbth.dll
0x00007ff9fc110000 - 0x00007ff9fc12d000 	C:\WINDOWS\system32\NLAapi.dll
0x00007ff9e5120000 - 0x00007ff9e5132000 	C:\WINDOWS\System32\winrnr.dll
0x00007ffa03ee0000 - 0x00007ffa03ef8000 	C:\WINDOWS\SYSTEM32\CRYPTSP.dll
0x00007ffa03590000 - 0x00007ffa035c4000 	C:\WINDOWS\system32\rsaenh.dll
0x00007ffa044b0000 - 0x00007ffa044de000 	C:\WINDOWS\SYSTEM32\USERENV.dll
0x00007ffa03ed0000 - 0x00007ffa03edc000 	C:\WINDOWS\SYSTEM32\CRYPTBASE.dll
0x00007ff9f4b50000 - 0x00007ff9f4b67000 	C:\WINDOWS\SYSTEM32\dhcpcsvc6.DLL
0x00007ff9f4360000 - 0x00007ff9f437d000 	C:\WINDOWS\SYSTEM32\dhcpcsvc.DLL

dbghelp: loaded successfully - version: 4.0.5 - missing functions: none
symbol engine: initialized successfully - sym options: 0x614 - pdb path: .;C:\Program Files\Java\jdk-11.0.2\bin;C:\WINDOWS\SYSTEM32;C:\WINDOWS\WinSxS\amd64_microsoft.windows.common-controls_6595b64144ccf1df_6.0.19041.1052_none_60b8f8fd71f5e8cb;C:\Program Files\Java\jdk-11.0.2\bin\server

VM Arguments:
jvm_args: -agentlib:jdwp=transport=dt_socket,suspend=y,address=localhost:54522 -ea -javaagent:C:\Users\sanjay.nagare\eclipse\jee-2020-06\eclipse\configuration\org.eclipse.osgi\413\0\.cp\lib\javaagent-shaded.jar -Dfile.encoding=Cp1252 
java_command: org.eclipse.jdt.internal.junit.runner.RemoteTestRunner -version 3 -port 54521 -testLoaderClass org.eclipse.jdt.internal.junit5.runner.JUnit5TestLoader -loaderpluginname org.eclipse.jdt.junit5.runtime -classNames com.synechron.order.test.OrderServiceImplTests
java_class_path (initial): C:\Users\sanjay.nagare\git\OrderMgmt\bin\main;C:\Users\sanjay.nagare\git\OrderMgmt\bin\test;C:\Users\sanjay.nagare\git\OrderMgmt\bin\default;C:\Users\sanjay.nagare\Softwares\gradle-7.1\caches\modules-2\files-2.1\org.springframework.boot\spring-boot-starter-security\2.5.2\5830a0f1dbff35089757b888a0209b90985e033a\spring-boot-starter-security-2.5.2.jar;C:\Users\sanjay.nagare\Softwares\gradle-7.1\caches\modules-2\files-2.1\org.springframework.boot\spring-boot-starter-web\2.5.2\9d68318f6607728e253030aa145e529bae9b0883\spring-boot-starter-web-2.5.2.jar;C:\Users\sanjay.nagare\Softwares\gradle-7.1\caches\modules-2\files-2.1\org.springframework.boot\spring-boot-starter-data-jpa\2.5.2\5038e48790990bc137c9a7e1cd97901a1350eb37\spring-boot-starter-data-jpa-2.5.2.jar;C:\Users\sanjay.nagare\Softwares\gradle-7.1\caches\modules-2\files-2.1\org.springframework.boot\spring-boot-starter-thymeleaf\2.5.2\bbf0322ed2d1e9b6b7e7e46903ceb1bba0dd3ba2\spring-boot-starter-thymeleaf-2.5.2.jar;C:\Users\sanjay.nagare\Softwares\gradle-7.1\caches\modules-2\files-2.1\org.springframework.boot\spring-boot-starter-jdbc\2.5.2\de9142ad6a67d2ec7d58465ab8d2fcf759f24d25\spring-boot-starter-jdbc-2.5.2.jar;C:\Users\sanjay.nagare\Softwares\gradle-7.1\caches\modules-2\files-2.1\io.springfox\springfox-swagger-ui\2.9.2\d542382a88ff3ea8d4032c28b2b0325797fada7d\springfox-swagger-ui-2.9.2.jar;C:\Users\sanjay.nagare\Softwares\gradle-7.1\caches\modules-2\files-2.1\io.springfox\springfox-swagger2\2.9.2\362676bc7f4c6f9f1d568741becab0dfc198c898\springfox-swagger2-2.9.2.jar;C:\Users\sanjay.nagare\Softwares\gradle-7.1\caches\modules-2\files-2.1\org.springframework.boot\spring-boot-starter-json\2.5.2\6af2e2d4fcf02fcda700dbbcd4643e78d31bcc8c\spring-boot-starter-json-2.5.2.jar;C:\Users\sanjay.nagare\Softwares\gradle-7.1\caches\modules-2\files-2.1\org.springframework.boot\spring-boot-starter-aop\2.5.2\1877448bb875154c2558e385f4590c648ada5f11\spring-boot-starter-aop-2.5.2.jar;C:\Users\sanjay.nagare\So
Launcher Type: SUN_STANDARD

[Global flags]
     intx CICompilerCount                          = 3                                         {product} {ergonomic}
     uint ConcGCThreads                            = 1                                         {product} {ergonomic}
     uint G1ConcRefinementThreads                  = 4                                         {product} {ergonomic}
   size_t G1HeapRegionSize                         = 1048576                                   {product} {ergonomic}
    uintx GCDrainStackTargetSize                   = 64                                        {product} {ergonomic}
   size_t InitialHeapSize                          = 134217728                                 {product} {ergonomic}
   size_t MarkStackSize                            = 4194304                                   {product} {ergonomic}
   size_t MaxHeapSize                              = 2120220672                                {product} {ergonomic}
   size_t MaxNewSize                               = 1271922688                                {product} {ergonomic}
   size_t MinHeapDeltaBytes                        = 1048576                                   {product} {ergonomic}
    uintx NonNMethodCodeHeapSize                   = 5830092                                {pd product} {ergonomic}
    uintx NonProfiledCodeHeapSize                  = 122914074                              {pd product} {ergonomic}
    uintx ProfiledCodeHeapSize                     = 122914074                              {pd product} {ergonomic}
    uintx ReservedCodeCacheSize                    = 251658240                              {pd product} {ergonomic}
     bool SegmentedCodeCache                       = true                                      {product} {ergonomic}
     bool UseCompressedClassPointers               = true                                 {lp64_product} {ergonomic}
     bool UseCompressedOops                        = true                                 {lp64_product} {ergonomic}
     bool UseG1GC                                  = true                                      {product} {ergonomic}
     bool UseLargePagesIndividualAllocation        = false                                  {pd product} {ergonomic}

Logging:
Log output configuration:
 #0: stdout all=warning uptime,level,tags
 #1: stderr all=off uptime,level,tags

Environment Variables:
JAVA_HOME=C:\Program Files\Java\jdk-11.0.2
PATH=C:/Program Files/Java/jdk-11.0.2/bin/server;C:/Program Files/Java/jdk-11.0.2/bin;C:\WINDOWS\system32;C:\WINDOWS;C:\WINDOWS\System32\Wbem;C:\WINDOWS\System32\WindowsPowerShell\v1.0\;C:\WINDOWS\System32\OpenSSH\;C:\Program Files\Java\jdk-11.0.2\;C:\Users\sanjay.nagare\Softwares\gradle-7.1\;C:\Program Files\Git\cmd;C:\Program Files\nodejs\;C:\Users\sanjay.nagare\AppData\Local\Microsoft\WindowsApps;C:\Users\sanjay.nagare\AppData\Local\Programs\Microsoft VS Code\bin;C:\Program Files\Java\jdk-11.0.2\bin;C:\Users\sanjay.nagare\AppData\Roaming\npm;C:\Users\sanjay.nagare\Desktop;
USERNAME=Sanjay.Nagare
OS=Windows_NT
PROCESSOR_IDENTIFIER=Intel64 Family 6 Model 78 Stepping 3, GenuineIntel



---------------  S Y S T E M  ---------------

OS: Windows 10 , 64 bit Build 19041 (10.0.19041.1023)

CPU:total 4 (initial active 4) (2 cores per cpu, 2 threads per core) family 6 model 78 stepping 3, cmov, cx8, fxsr, mmx, sse, sse2, sse3, ssse3, sse4.1, sse4.2, popcnt, avx, avx2, aes, clmul, erms, 3dnowpref, lzcnt, ht, tsc, tscinvbit, bmi1, bmi2, adx, fma

Memory: 4k page, system-wide physical 8087M (2342M free)
TotalPageFile size 16279M (AvailPageFile size 6510M)
current process WorkingSet (physical memory assigned to process): 175M, peak: 406M
current process commit charge ("private bytes"): 355M, peak: 460M

vm_info: Java HotSpot(TM) 64-Bit Server VM (11.0.2+7-LTS) for windows-amd64 JRE (11.0.2+7-LTS), built on Dec 12 2018 03:49:33 by "mach5one" with MS VC++ 15.5 (VS2017)

END.
